{"C:\\Users\\roelj\\OneDrive\\Documenten\\school\\geoprofs\\GeoProfs\\src\\functions\\CancelPageSwitchWhenNotLoggedIn\\cancelPageSwitchWhenNotLoggedIn.jsx": {"path":"C:\\Users\\roelj\\OneDrive\\Documenten\\school\\geoprofs\\GeoProfs\\src\\functions\\CancelPageSwitchWhenNotLoggedIn\\cancelPageSwitchWhenNotLoggedIn.jsx","statementMap":{"0":{"start":{"line":1,"column":40},"end":{"line":11,"column":1}},"1":{"start":{"line":2,"column":21},"end":{"line":2,"column":68}},"2":{"start":{"line":3,"column":2},"end":{"line":3,"column":41}},"3":{"start":{"line":5,"column":2},"end":{"line":9,"column":3}},"4":{"start":{"line":6,"column":6},"end":{"line":6,"column":36}},"5":{"start":{"line":7,"column":6},"end":{"line":7,"column":42}},"6":{"start":{"line":8,"column":6},"end":{"line":8,"column":19}},"7":{"start":{"line":10,"column":2},"end":{"line":10,"column":14}}},"fnMap":{"0":{"name":"(anonymous_0)","decl":{"start":{"line":1,"column":40},"end":{"line":1,"column":41}},"loc":{"start":{"line":1,"column":46},"end":{"line":11,"column":1}},"line":1}},"branchMap":{"0":{"loc":{"start":{"line":5,"column":2},"end":{"line":9,"column":3}},"type":"if","locations":[{"start":{"line":5,"column":2},"end":{"line":9,"column":3}},{"start":{},"end":{}}],"line":5}},"s":{"0":1,"1":2,"2":2,"3":2,"4":1,"5":1,"6":1,"7":1},"f":{"0":2},"b":{"0":[1,1]},"_coverageSchema":"1a1c01bbd47fc00a2c39e90264f33305004495a9","hash":"4a32fd802ec915157713f9a464d543a57f22c55e"}
,"C:\\Users\\roelj\\OneDrive\\Documenten\\school\\geoprofs\\GeoProfs\\src\\functions\\CheckForAccesToAddUser\\CheckForAccesToAddUser.jsx": {"path":"C:\\Users\\roelj\\OneDrive\\Documenten\\school\\geoprofs\\GeoProfs\\src\\functions\\CheckForAccesToAddUser\\CheckForAccesToAddUser.jsx","statementMap":{"0":{"start":{"line":3,"column":31},"end":{"line":10,"column":1}},"1":{"start":{"line":4,"column":17},"end":{"line":4,"column":47}},"2":{"start":{"line":5,"column":25},"end":{"line":5,"column":35}},"3":{"start":{"line":7,"column":4},"end":{"line":9,"column":5}},"4":{"start":{"line":8,"column":8},"end":{"line":8,"column":67}}},"fnMap":{"0":{"name":"(anonymous_0)","decl":{"start":{"line":3,"column":31},"end":{"line":3,"column":32}},"loc":{"start":{"line":3,"column":37},"end":{"line":10,"column":1}},"line":3}},"branchMap":{"0":{"loc":{"start":{"line":7,"column":4},"end":{"line":9,"column":5}},"type":"if","locations":[{"start":{"line":7,"column":4},"end":{"line":9,"column":5}},{"start":{},"end":{}}],"line":7}},"s":{"0":1,"1":3,"2":3,"3":3,"4":1},"f":{"0":3},"b":{"0":[1,2]},"_coverageSchema":"1a1c01bbd47fc00a2c39e90264f33305004495a9","hash":"f5e0d00024179d4f33056c5697b6499da377e824"}
,"C:\\Users\\roelj\\OneDrive\\Documenten\\school\\geoprofs\\GeoProfs\\src\\functions\\CheckForAccesToLeavePage\\CheckForAccesToLeavePage.jsx": {"path":"C:\\Users\\roelj\\OneDrive\\Documenten\\school\\geoprofs\\GeoProfs\\src\\functions\\CheckForAccesToLeavePage\\CheckForAccesToLeavePage.jsx","statementMap":{"0":{"start":{"line":3,"column":33},"end":{"line":10,"column":1}},"1":{"start":{"line":4,"column":15},"end":{"line":4,"column":45}},"2":{"start":{"line":5,"column":25},"end":{"line":5,"column":40}},"3":{"start":{"line":7,"column":4},"end":{"line":9,"column":5}},"4":{"start":{"line":8,"column":8},"end":{"line":8,"column":58}}},"fnMap":{"0":{"name":"(anonymous_0)","decl":{"start":{"line":3,"column":33},"end":{"line":3,"column":34}},"loc":{"start":{"line":3,"column":39},"end":{"line":10,"column":1}},"line":3}},"branchMap":{"0":{"loc":{"start":{"line":7,"column":4},"end":{"line":9,"column":5}},"type":"if","locations":[{"start":{"line":7,"column":4},"end":{"line":9,"column":5}},{"start":{},"end":{}}],"line":7}},"s":{"0":1,"1":3,"2":3,"3":3,"4":1},"f":{"0":3},"b":{"0":[1,2]},"_coverageSchema":"1a1c01bbd47fc00a2c39e90264f33305004495a9","hash":"934c7466d0f6fba9b60c0e8f7044072587d81688"}
,"C:\\Users\\roelj\\OneDrive\\Documenten\\school\\geoprofs\\GeoProfs\\src\\functions\\CheckForFirstLogin\\CheckForFirstLogin.jsx": {"path":"C:\\Users\\roelj\\OneDrive\\Documenten\\school\\geoprofs\\GeoProfs\\src\\functions\\CheckForFirstLogin\\CheckForFirstLogin.jsx","statementMap":{"0":{"start":{"line":1,"column":27},"end":{"line":13,"column":1}},"1":{"start":{"line":2,"column":4},"end":{"line":2,"column":73}},"2":{"start":{"line":5,"column":4},"end":{"line":12,"column":5}},"3":{"start":{"line":6,"column":8},"end":{"line":6,"column":40}},"4":{"start":{"line":7,"column":8},"end":{"line":7,"column":15}},"5":{"start":{"line":9,"column":8},"end":{"line":9,"column":87}},"6":{"start":{"line":10,"column":8},"end":{"line":10,"column":58}},"7":{"start":{"line":11,"column":8},"end":{"line":11,"column":15}}},"fnMap":{"0":{"name":"(anonymous_0)","decl":{"start":{"line":1,"column":27},"end":{"line":1,"column":28}},"loc":{"start":{"line":1,"column":37},"end":{"line":13,"column":1}},"line":1}},"branchMap":{"0":{"loc":{"start":{"line":5,"column":4},"end":{"line":12,"column":5}},"type":"if","locations":[{"start":{"line":5,"column":4},"end":{"line":12,"column":5}},{"start":{"line":8,"column":11},"end":{"line":12,"column":5}}],"line":5},"1":{"loc":{"start":{"line":5,"column":8},"end":{"line":5,"column":118}},"type":"binary-expr","locations":[{"start":{"line":5,"column":8},"end":{"line":5,"column":39}},{"start":{"line":5,"column":43},"end":{"line":5,"column":76}},{"start":{"line":5,"column":80},"end":{"line":5,"column":118}}],"line":5}},"s":{"0":1,"1":4,"2":4,"3":3,"4":3,"5":1,"6":1,"7":1},"f":{"0":4},"b":{"0":[3,1],"1":[4,3,2]},"_coverageSchema":"1a1c01bbd47fc00a2c39e90264f33305004495a9","hash":"e7566d7f6b6334dd639cace24e566a554113c5f3"}
,"C:\\Users\\roelj\\OneDrive\\Documenten\\school\\geoprofs\\GeoProfs\\src\\functions\\CheckUserRole\\CheckUserRole.jsx": {"path":"C:\\Users\\roelj\\OneDrive\\Documenten\\school\\geoprofs\\GeoProfs\\src\\functions\\CheckUserRole\\CheckUserRole.jsx","statementMap":{"0":{"start":{"line":3,"column":22},"end":{"line":15,"column":1}},"1":{"start":{"line":5,"column":21},"end":{"line":5,"column":57}},"2":{"start":{"line":6,"column":15},"end":{"line":6,"column":45}},"3":{"start":{"line":7,"column":22},"end":{"line":7,"column":56}},"4":{"start":{"line":8,"column":4},"end":{"line":8,"column":22}},"5":{"start":{"line":9,"column":4},"end":{"line":14,"column":5}},"6":{"start":{"line":10,"column":8},"end":{"line":10,"column":30}},"7":{"start":{"line":13,"column":8},"end":{"line":13,"column":57}}},"fnMap":{"0":{"name":"(anonymous_0)","decl":{"start":{"line":3,"column":22},"end":{"line":3,"column":23}},"loc":{"start":{"line":3,"column":28},"end":{"line":15,"column":1}},"line":3}},"branchMap":{"0":{"loc":{"start":{"line":9,"column":4},"end":{"line":14,"column":5}},"type":"if","locations":[{"start":{"line":9,"column":4},"end":{"line":14,"column":5}},{"start":{"line":12,"column":8},"end":{"line":14,"column":5}}],"line":9}},"s":{"0":1,"1":4,"2":4,"3":4,"4":4,"5":4,"6":1,"7":3},"f":{"0":4},"b":{"0":[1,3]},"_coverageSchema":"1a1c01bbd47fc00a2c39e90264f33305004495a9","hash":"5d6af9ead36c14cf3d7d513506f666f42123258d"}
,"C:\\Users\\roelj\\OneDrive\\Documenten\\school\\geoprofs\\GeoProfs\\src\\functions\\context\\User.jsx": {"path":"C:\\Users\\roelj\\OneDrive\\Documenten\\school\\geoprofs\\GeoProfs\\src\\functions\\context\\User.jsx","statementMap":{"0":{"start":{"line":4,"column":20},"end":{"line":4,"column":35}},"1":{"start":{"line":6,"column":23},"end":{"line":6,"column":51}},"2":{"start":{"line":6,"column":28},"end":{"line":6,"column":51}},"3":{"start":{"line":8,"column":32},"end":{"line":25,"column":1}},"4":{"start":{"line":9,"column":32},"end":{"line":19,"column":10}},"5":{"start":{"line":20,"column":8},"end":{"line":24,"column":7}}},"fnMap":{"0":{"name":"(anonymous_0)","decl":{"start":{"line":6,"column":23},"end":{"line":6,"column":24}},"loc":{"start":{"line":6,"column":28},"end":{"line":6,"column":51}},"line":6},"1":{"name":"(anonymous_1)","decl":{"start":{"line":8,"column":32},"end":{"line":8,"column":33}},"loc":{"start":{"line":8,"column":47},"end":{"line":25,"column":1}},"line":8}},"branchMap":{},"s":{"0":1,"1":1,"2":2,"3":1,"4":2,"5":2},"f":{"0":2,"1":2},"b":{},"_coverageSchema":"1a1c01bbd47fc00a2c39e90264f33305004495a9","hash":"88416c7ded8f6a8b2c01149836591bec66c42c0e"}
}
