{"C:\\Users\\Bora\\Desktop\\Geoprofs\\GeoProfs\\src\\firebase.jsx": {"path":"C:\\Users\\Bora\\Desktop\\Geoprofs\\GeoProfs\\src\\firebase.jsx","statementMap":{"0":{"start":{"line":6,"column":23},"end":{"line":14,"column":1}},"1":{"start":{"line":17,"column":12},"end":{"line":17,"column":41}},"2":{"start":{"line":21,"column":0},"end":{"line":25,"column":3}},"3":{"start":{"line":22,"column":2},"end":{"line":24,"column":3}},"4":{"start":{"line":23,"column":4},"end":{"line":23,"column":34}},"5":{"start":{"line":28,"column":11},"end":{"line":28,"column":28}}},"fnMap":{"0":{"name":"(anonymous_0)","decl":{"start":{"line":21,"column":19},"end":{"line":21,"column":20}},"loc":{"start":{"line":21,"column":34},"end":{"line":25,"column":1}},"line":21}},"branchMap":{"0":{"loc":{"start":{"line":22,"column":2},"end":{"line":24,"column":3}},"type":"if","locations":[{"start":{"line":22,"column":2},"end":{"line":24,"column":3}},{"start":{},"end":{}}],"line":22}},"s":{"0":3,"1":3,"2":3,"3":3,"4":0,"5":3},"f":{"0":3},"b":{"0":[0,3]},"_coverageSchema":"1a1c01bbd47fc00a2c39e90264f33305004495a9","hash":"fcd81e4861eb4a8bfb87026a68cb52563c647c32"}
,"C:\\Users\\Bora\\Desktop\\Geoprofs\\GeoProfs\\src\\Components\\Agenda\\Agenda.jsx": {"path":"C:\\Users\\Bora\\Desktop\\Geoprofs\\GeoProfs\\src\\Components\\Agenda\\Agenda.jsx","statementMap":{"0":{"start":{"line":6,"column":15},"end":{"line":161,"column":1}},"1":{"start":{"line":7,"column":30},"end":{"line":7,"column":62}},"2":{"start":{"line":8,"column":28},"end":{"line":8,"column":40}},"3":{"start":{"line":9,"column":28},"end":{"line":9,"column":62}},"4":{"start":{"line":10,"column":38},"end":{"line":10,"column":50}},"5":{"start":{"line":11,"column":46},"end":{"line":11,"column":58}},"6":{"start":{"line":13,"column":21},"end":{"line":13,"column":51}},"7":{"start":{"line":15,"column":19},"end":{"line":15,"column":143}},"8":{"start":{"line":17,"column":31},"end":{"line":40,"column":5}},"9":{"start":{"line":18,"column":8},"end":{"line":18,"column":47}},"10":{"start":{"line":19,"column":8},"end":{"line":22,"column":9}},"11":{"start":{"line":20,"column":12},"end":{"line":20,"column":46}},"12":{"start":{"line":21,"column":12},"end":{"line":21,"column":19}},"13":{"start":{"line":24,"column":35},"end":{"line":28,"column":9}},"14":{"start":{"line":30,"column":30},"end":{"line":30,"column":63}},"15":{"start":{"line":31,"column":33},"end":{"line":31,"column":35}},"16":{"start":{"line":33,"column":8},"end":{"line":38,"column":10}},"17":{"start":{"line":34,"column":25},"end":{"line":34,"column":35}},"18":{"start":{"line":35,"column":12},"end":{"line":37,"column":13}},"19":{"start":{"line":36,"column":16},"end":{"line":36,"column":59}},"20":{"start":{"line":39,"column":8},"end":{"line":39,"column":43}},"21":{"start":{"line":42,"column":24},"end":{"line":67,"column":5}},"22":{"start":{"line":43,"column":8},"end":{"line":43,"column":39}},"23":{"start":{"line":45,"column":8},"end":{"line":48,"column":9}},"24":{"start":{"line":46,"column":12},"end":{"line":46,"column":47}},"25":{"start":{"line":47,"column":12},"end":{"line":47,"column":19}},"26":{"start":{"line":50,"column":28},"end":{"line":54,"column":9}},"27":{"start":{"line":56,"column":30},"end":{"line":56,"column":56}},"28":{"start":{"line":58,"column":29},"end":{"line":58,"column":31}},"29":{"start":{"line":60,"column":8},"end":{"line":65,"column":11}},"30":{"start":{"line":61,"column":25},"end":{"line":61,"column":35}},"31":{"start":{"line":62,"column":12},"end":{"line":64,"column":13}},"32":{"start":{"line":63,"column":16},"end":{"line":63,"column":55}},"33":{"start":{"line":66,"column":8},"end":{"line":66,"column":35}},"34":{"start":{"line":70,"column":25},"end":{"line":70,"column":62}},"35":{"start":{"line":71,"column":25},"end":{"line":71,"column":27}},"36":{"start":{"line":73,"column":8},"end":{"line":81,"column":9}},"37":{"start":{"line":73,"column":22},"end":{"line":73,"column":23}},"38":{"start":{"line":74,"column":25},"end":{"line":74,"column":51}},"39":{"start":{"line":76,"column":30},"end":{"line":76,"column":72}},"40":{"start":{"line":78,"column":12},"end":{"line":80,"column":13}},"41":{"start":{"line":79,"column":16},"end":{"line":79,"column":36}},"42":{"start":{"line":82,"column":8},"end":{"line":82,"column":26}},"43":{"start":{"line":85,"column":4},"end":{"line":87,"column":21}},"44":{"start":{"line":86,"column":8},"end":{"line":86,"column":28}},"45":{"start":{"line":89,"column":4},"end":{"line":92,"column":10}},"46":{"start":{"line":90,"column":8},"end":{"line":90,"column":22}},"47":{"start":{"line":91,"column":8},"end":{"line":91,"column":29}},"48":{"start":{"line":94,"column":26},"end":{"line":102,"column":5}},"49":{"start":{"line":95,"column":8},"end":{"line":101,"column":9}},"50":{"start":{"line":96,"column":12},"end":{"line":96,"column":25}},"51":{"start":{"line":97,"column":12},"end":{"line":97,"column":30}},"52":{"start":{"line":100,"column":12},"end":{"line":100,"column":32}},"53":{"start":{"line":103,"column":22},"end":{"line":111,"column":5}},"54":{"start":{"line":104,"column":8},"end":{"line":110,"column":9}},"55":{"start":{"line":105,"column":12},"end":{"line":105,"column":24}},"56":{"start":{"line":106,"column":12},"end":{"line":106,"column":30}},"57":{"start":{"line":109,"column":12},"end":{"line":109,"column":32}},"58":{"start":{"line":113,"column":4},"end":{"line":159,"column":6}},"59":{"start":{"line":119,"column":32},"end":{"line":119,"column":47}},"60":{"start":{"line":125,"column":32},"end":{"line":125,"column":43}},"61":{"start":{"line":131,"column":39},"end":{"line":136,"column":22}},"62":{"start":{"line":132,"column":42},"end":{"line":132,"column":75}},"63":{"start":{"line":133,"column":24},"end":{"line":135,"column":77}},"64":{"start":{"line":137,"column":46},"end":{"line":142,"column":22}},"65":{"start":{"line":138,"column":42},"end":{"line":138,"column":79}},"66":{"start":{"line":139,"column":24},"end":{"line":141,"column":77}},"67":{"start":{"line":144,"column":20},"end":{"line":155,"column":22}}},"fnMap":{"0":{"name":"(anonymous_0)","decl":{"start":{"line":6,"column":15},"end":{"line":6,"column":16}},"loc":{"start":{"line":6,"column":21},"end":{"line":161,"column":1}},"line":6},"1":{"name":"(anonymous_1)","decl":{"start":{"line":17,"column":31},"end":{"line":17,"column":32}},"loc":{"start":{"line":17,"column":43},"end":{"line":40,"column":5}},"line":17},"2":{"name":"(anonymous_2)","decl":{"start":{"line":33,"column":35},"end":{"line":33,"column":36}},"loc":{"start":{"line":33,"column":43},"end":{"line":38,"column":9}},"line":33},"3":{"name":"(anonymous_3)","decl":{"start":{"line":42,"column":24},"end":{"line":42,"column":25}},"loc":{"start":{"line":42,"column":36},"end":{"line":67,"column":5}},"line":42},"4":{"name":"(anonymous_4)","decl":{"start":{"line":60,"column":36},"end":{"line":60,"column":37}},"loc":{"start":{"line":60,"column":42},"end":{"line":65,"column":9}},"line":60},"5":{"name":"calculateWeekDays","decl":{"start":{"line":69,"column":13},"end":{"line":69,"column":30}},"loc":{"start":{"line":69,"column":32},"end":{"line":83,"column":5}},"line":69},"6":{"name":"(anonymous_6)","decl":{"start":{"line":85,"column":14},"end":{"line":85,"column":15}},"loc":{"start":{"line":85,"column":20},"end":{"line":87,"column":5}},"line":85},"7":{"name":"(anonymous_7)","decl":{"start":{"line":89,"column":14},"end":{"line":89,"column":15}},"loc":{"start":{"line":89,"column":19},"end":{"line":92,"column":5}},"line":89},"8":{"name":"(anonymous_8)","decl":{"start":{"line":94,"column":26},"end":{"line":94,"column":27}},"loc":{"start":{"line":94,"column":32},"end":{"line":102,"column":5}},"line":94},"9":{"name":"(anonymous_9)","decl":{"start":{"line":103,"column":22},"end":{"line":103,"column":23}},"loc":{"start":{"line":103,"column":28},"end":{"line":111,"column":5}},"line":103},"10":{"name":"(anonymous_10)","decl":{"start":{"line":119,"column":26},"end":{"line":119,"column":27}},"loc":{"start":{"line":119,"column":32},"end":{"line":119,"column":47}},"line":119},"11":{"name":"(anonymous_11)","decl":{"start":{"line":125,"column":26},"end":{"line":125,"column":27}},"loc":{"start":{"line":125,"column":32},"end":{"line":125,"column":43}},"line":125},"12":{"name":"(anonymous_12)","decl":{"start":{"line":130,"column":26},"end":{"line":130,"column":27}},"loc":{"start":{"line":130,"column":42},"end":{"line":156,"column":17}},"line":130},"13":{"name":"(anonymous_13)","decl":{"start":{"line":131,"column":54},"end":{"line":131,"column":55}},"loc":{"start":{"line":131,"column":68},"end":{"line":136,"column":21}},"line":131},"14":{"name":"(anonymous_14)","decl":{"start":{"line":137,"column":65},"end":{"line":137,"column":66}},"loc":{"start":{"line":137,"column":83},"end":{"line":142,"column":21}},"line":137}},"branchMap":{"0":{"loc":{"start":{"line":19,"column":8},"end":{"line":22,"column":9}},"type":"if","locations":[{"start":{"line":19,"column":8},"end":{"line":22,"column":9}},{"start":{},"end":{}}],"line":19},"1":{"loc":{"start":{"line":35,"column":12},"end":{"line":37,"column":13}},"type":"if","locations":[{"start":{"line":35,"column":12},"end":{"line":37,"column":13}},{"start":{},"end":{}}],"line":35},"2":{"loc":{"start":{"line":35,"column":15},"end":{"line":35,"column":66}},"type":"binary-expr","locations":[{"start":{"line":35,"column":15},"end":{"line":35,"column":31}},{"start":{"line":35,"column":35},"end":{"line":35,"column":66}}],"line":35},"3":{"loc":{"start":{"line":45,"column":8},"end":{"line":48,"column":9}},"type":"if","locations":[{"start":{"line":45,"column":8},"end":{"line":48,"column":9}},{"start":{},"end":{}}],"line":45},"4":{"loc":{"start":{"line":62,"column":12},"end":{"line":64,"column":13}},"type":"if","locations":[{"start":{"line":62,"column":12},"end":{"line":64,"column":13}},{"start":{},"end":{}}],"line":62},"5":{"loc":{"start":{"line":62,"column":15},"end":{"line":62,"column":66}},"type":"binary-expr","locations":[{"start":{"line":62,"column":15},"end":{"line":62,"column":31}},{"start":{"line":62,"column":35},"end":{"line":62,"column":66}}],"line":62},"6":{"loc":{"start":{"line":76,"column":30},"end":{"line":76,"column":72}},"type":"binary-expr","locations":[{"start":{"line":76,"column":30},"end":{"line":76,"column":49}},{"start":{"line":76,"column":53},"end":{"line":76,"column":72}}],"line":76},"7":{"loc":{"start":{"line":78,"column":12},"end":{"line":80,"column":13}},"type":"if","locations":[{"start":{"line":78,"column":12},"end":{"line":80,"column":13}},{"start":{},"end":{}}],"line":78},"8":{"loc":{"start":{"line":95,"column":8},"end":{"line":101,"column":9}},"type":"if","locations":[{"start":{"line":95,"column":8},"end":{"line":101,"column":9}},{"start":{"line":99,"column":12},"end":{"line":101,"column":9}}],"line":95},"9":{"loc":{"start":{"line":104,"column":8},"end":{"line":110,"column":9}},"type":"if","locations":[{"start":{"line":104,"column":8},"end":{"line":110,"column":9}},{"start":{"line":108,"column":12},"end":{"line":110,"column":9}}],"line":104},"10":{"loc":{"start":{"line":133,"column":31},"end":{"line":135,"column":76}},"type":"binary-expr","locations":[{"start":{"line":133,"column":31},"end":{"line":133,"column":68}},{"start":{"line":134,"column":31},"end":{"line":134,"column":70}},{"start":{"line":135,"column":31},"end":{"line":135,"column":76}}],"line":133},"11":{"loc":{"start":{"line":139,"column":31},"end":{"line":141,"column":76}},"type":"binary-expr","locations":[{"start":{"line":139,"column":31},"end":{"line":139,"column":68}},{"start":{"line":140,"column":31},"end":{"line":140,"column":70}},{"start":{"line":141,"column":31},"end":{"line":141,"column":76}}],"line":139},"12":{"loc":{"start":{"line":146,"column":26},"end":{"line":146,"column":55}},"type":"cond-expr","locations":[{"start":{"line":146,"column":39},"end":{"line":146,"column":50}},{"start":{"line":146,"column":53},"end":{"line":146,"column":55}}],"line":146},"13":{"loc":{"start":{"line":147,"column":26},"end":{"line":147,"column":70}},"type":"cond-expr","locations":[{"start":{"line":147,"column":46},"end":{"line":147,"column":65}},{"start":{"line":147,"column":68},"end":{"line":147,"column":70}}],"line":147}},"s":{"0":1,"1":0,"2":0,"3":0,"4":0,"5":0,"6":0,"7":0,"8":0,"9":0,"10":0,"11":0,"12":0,"13":0,"14":0,"15":0,"16":0,"17":0,"18":0,"19":0,"20":0,"21":0,"22":0,"23":0,"24":0,"25":0,"26":0,"27":0,"28":0,"29":0,"30":0,"31":0,"32":0,"33":0,"34":0,"35":0,"36":0,"37":0,"38":0,"39":0,"40":0,"41":0,"42":0,"43":0,"44":0,"45":0,"46":0,"47":0,"48":0,"49":0,"50":0,"51":0,"52":0,"53":0,"54":0,"55":0,"56":0,"57":0,"58":0,"59":0,"60":0,"61":0,"62":0,"63":0,"64":0,"65":0,"66":0,"67":0},"f":{"0":0,"1":0,"2":0,"3":0,"4":0,"5":0,"6":0,"7":0,"8":0,"9":0,"10":0,"11":0,"12":0,"13":0,"14":0},"b":{"0":[0,0],"1":[0,0],"2":[0,0],"3":[0,0],"4":[0,0],"5":[0,0],"6":[0,0],"7":[0,0],"8":[0,0],"9":[0,0],"10":[0,0,0],"11":[0,0,0],"12":[0,0],"13":[0,0]},"_coverageSchema":"1a1c01bbd47fc00a2c39e90264f33305004495a9","hash":"ffa547c3a2fde70d8c4c071dd03d5240e925bb66"}
,"C:\\Users\\Bora\\Desktop\\Geoprofs\\GeoProfs\\src\\Pages\\HomePage\\HomePage.jsx": {"path":"C:\\Users\\Bora\\Desktop\\Geoprofs\\GeoProfs\\src\\Pages\\HomePage\\HomePage.jsx","statementMap":{"0":{"start":{"line":11,"column":17},"end":{"line":73,"column":1}},"1":{"start":{"line":12,"column":21},"end":{"line":12,"column":30}},"2":{"start":{"line":13,"column":21},"end":{"line":13,"column":34}},"3":{"start":{"line":14,"column":46},"end":{"line":14,"column":60}},"4":{"start":{"line":16,"column":4},"end":{"line":19,"column":11}},"5":{"start":{"line":17,"column":8},"end":{"line":17,"column":42}},"6":{"start":{"line":18,"column":8},"end":{"line":18,"column":33}},"7":{"start":{"line":21,"column":4},"end":{"line":24,"column":15}},"8":{"start":{"line":22,"column":8},"end":{"line":22,"column":25}},"9":{"start":{"line":23,"column":8},"end":{"line":23,"column":35}},"10":{"start":{"line":26,"column":4},"end":{"line":45,"column":15}},"11":{"start":{"line":27,"column":35},"end":{"line":42,"column":9}},"12":{"start":{"line":29,"column":12},"end":{"line":41,"column":13}},"13":{"start":{"line":30,"column":33},"end":{"line":30,"column":56}},"14":{"start":{"line":31,"column":26},"end":{"line":31,"column":94}},"15":{"start":{"line":32,"column":38},"end":{"line":32,"column":54}},"16":{"start":{"line":34,"column":16},"end":{"line":38,"column":19}},"17":{"start":{"line":36,"column":33},"end":{"line":36,"column":43}},"18":{"start":{"line":37,"column":20},"end":{"line":37,"column":57}},"19":{"start":{"line":40,"column":16},"end":{"line":40,"column":71}},"20":{"start":{"line":44,"column":8},"end":{"line":44,"column":29}},"21":{"start":{"line":47,"column":4},"end":{"line":47,"column":52}},"22":{"start":{"line":49,"column":4},"end":{"line":72,"column":6}},"23":{"start":{"line":52,"column":40},"end":{"line":52,"column":67}},"24":{"start":{"line":59,"column":40},"end":{"line":59,"column":74}}},"fnMap":{"0":{"name":"(anonymous_0)","decl":{"start":{"line":11,"column":17},"end":{"line":11,"column":18}},"loc":{"start":{"line":11,"column":23},"end":{"line":73,"column":1}},"line":11},"1":{"name":"(anonymous_1)","decl":{"start":{"line":16,"column":14},"end":{"line":16,"column":15}},"loc":{"start":{"line":16,"column":20},"end":{"line":19,"column":5}},"line":16},"2":{"name":"(anonymous_2)","decl":{"start":{"line":21,"column":14},"end":{"line":21,"column":15}},"loc":{"start":{"line":21,"column":20},"end":{"line":24,"column":5}},"line":21},"3":{"name":"(anonymous_3)","decl":{"start":{"line":26,"column":14},"end":{"line":26,"column":15}},"loc":{"start":{"line":26,"column":20},"end":{"line":45,"column":5}},"line":26},"4":{"name":"(anonymous_4)","decl":{"start":{"line":27,"column":35},"end":{"line":27,"column":36}},"loc":{"start":{"line":27,"column":47},"end":{"line":42,"column":9}},"line":27},"5":{"name":"(anonymous_5)","decl":{"start":{"line":34,"column":38},"end":{"line":34,"column":39}},"loc":{"start":{"line":34,"column":47},"end":{"line":38,"column":17}},"line":34},"6":{"name":"(anonymous_6)","decl":{"start":{"line":52,"column":33},"end":{"line":52,"column":34}},"loc":{"start":{"line":52,"column":39},"end":{"line":52,"column":68}},"line":52},"7":{"name":"(anonymous_7)","decl":{"start":{"line":59,"column":33},"end":{"line":59,"column":34}},"loc":{"start":{"line":59,"column":39},"end":{"line":59,"column":75}},"line":59}},"branchMap":{},"s":{"0":1,"1":5,"2":5,"3":5,"4":4,"5":0,"6":0,"7":4,"8":0,"9":0,"10":4,"11":0,"12":0,"13":0,"14":0,"15":0,"16":0,"17":0,"18":0,"19":0,"20":0,"21":4,"22":4,"23":0,"24":0},"f":{"0":5,"1":0,"2":0,"3":0,"4":0,"5":0,"6":0,"7":0},"b":{},"_coverageSchema":"1a1c01bbd47fc00a2c39e90264f33305004495a9","hash":"1571e06e446096ee13ef8ad12c66d56a00d80539"}
,"C:\\Users\\Bora\\Desktop\\Geoprofs\\GeoProfs\\src\\Pages\\Verlofaanvraag\\Verlofaanvraag.jsx": {"path":"C:\\Users\\Bora\\Desktop\\Geoprofs\\GeoProfs\\src\\Pages\\Verlofaanvraag\\Verlofaanvraag.jsx","statementMap":{"0":{"start":{"line":7,"column":23},"end":{"line":202,"column":1}},"1":{"start":{"line":8,"column":21},"end":{"line":8,"column":30}},"2":{"start":{"line":9,"column":50},"end":{"line":9,"column":62}},"3":{"start":{"line":10,"column":48},"end":{"line":10,"column":60}},"4":{"start":{"line":11,"column":30},"end":{"line":11,"column":42}},"5":{"start":{"line":12,"column":42},"end":{"line":12,"column":54}},"6":{"start":{"line":13,"column":42},"end":{"line":13,"column":57}},"7":{"start":{"line":14,"column":50},"end":{"line":14,"column":62}},"8":{"start":{"line":15,"column":40},"end":{"line":15,"column":52}},"9":{"start":{"line":16,"column":46},"end":{"line":16,"column":60}},"10":{"start":{"line":18,"column":18},"end":{"line":18,"column":56}},"11":{"start":{"line":19,"column":17},"end":{"line":19,"column":47}},"12":{"start":{"line":20,"column":23},"end":{"line":20,"column":59}},"13":{"start":{"line":22,"column":4},"end":{"line":22,"column":41}},"14":{"start":{"line":24,"column":4},"end":{"line":32,"column":11}},"15":{"start":{"line":25,"column":32},"end":{"line":30,"column":9}},"16":{"start":{"line":26,"column":34},"end":{"line":26,"column":62}},"17":{"start":{"line":27,"column":39},"end":{"line":27,"column":67}},"18":{"start":{"line":28,"column":31},"end":{"line":28,"column":82}},"19":{"start":{"line":28,"column":66},"end":{"line":28,"column":81}},"20":{"start":{"line":29,"column":12},"end":{"line":29,"column":38}},"21":{"start":{"line":31,"column":8},"end":{"line":31,"column":26}},"22":{"start":{"line":34,"column":4},"end":{"line":56,"column":15}},"23":{"start":{"line":35,"column":34},"end":{"line":51,"column":9}},"24":{"start":{"line":36,"column":12},"end":{"line":50,"column":13}},"25":{"start":{"line":37,"column":33},"end":{"line":37,"column":56}},"26":{"start":{"line":38,"column":26},"end":{"line":38,"column":68}},"27":{"start":{"line":39,"column":38},"end":{"line":39,"column":54}},"28":{"start":{"line":41,"column":16},"end":{"line":47,"column":17}},"29":{"start":{"line":42,"column":37},"end":{"line":42,"column":65}},"30":{"start":{"line":43,"column":20},"end":{"line":43,"column":66}},"31":{"start":{"line":45,"column":20},"end":{"line":45,"column":71}},"32":{"start":{"line":46,"column":20},"end":{"line":46,"column":40}},"33":{"start":{"line":49,"column":16},"end":{"line":49,"column":80}},"34":{"start":{"line":53,"column":8},"end":{"line":55,"column":9}},"35":{"start":{"line":54,"column":12},"end":{"line":54,"column":32}},"36":{"start":{"line":58,"column":26},"end":{"line":64,"column":5}},"37":{"start":{"line":59,"column":22},"end":{"line":59,"column":41}},"38":{"start":{"line":60,"column":20},"end":{"line":60,"column":37}},"39":{"start":{"line":61,"column":31},"end":{"line":61,"column":62}},"40":{"start":{"line":63,"column":8},"end":{"line":63,"column":66}},"41":{"start":{"line":66,"column":36},"end":{"line":77,"column":5}},"42":{"start":{"line":67,"column":26},"end":{"line":67,"column":28}},"43":{"start":{"line":68,"column":22},"end":{"line":68,"column":41}},"44":{"start":{"line":69,"column":20},"end":{"line":69,"column":37}},"45":{"start":{"line":70,"column":28},"end":{"line":70,"column":43}},"46":{"start":{"line":72,"column":8},"end":{"line":75,"column":9}},"47":{"start":{"line":73,"column":12},"end":{"line":73,"column":50}},"48":{"start":{"line":74,"column":12},"end":{"line":74,"column":59}},"49":{"start":{"line":76,"column":8},"end":{"line":76,"column":25}},"50":{"start":{"line":79,"column":25},"end":{"line":135,"column":5}},"51":{"start":{"line":80,"column":8},"end":{"line":80,"column":27}},"52":{"start":{"line":82,"column":8},"end":{"line":134,"column":9}},"53":{"start":{"line":83,"column":34},"end":{"line":83,"column":80}},"54":{"start":{"line":84,"column":39},"end":{"line":84,"column":95}},"55":{"start":{"line":86,"column":12},"end":{"line":89,"column":13}},"56":{"start":{"line":87,"column":16},"end":{"line":87,"column":60}},"57":{"start":{"line":88,"column":16},"end":{"line":88,"column":23}},"58":{"start":{"line":91,"column":12},"end":{"line":129,"column":13}},"59":{"start":{"line":92,"column":16},"end":{"line":103,"column":19}},"60":{"start":{"line":105,"column":33},"end":{"line":105,"column":56}},"61":{"start":{"line":106,"column":26},"end":{"line":106,"column":68}},"62":{"start":{"line":107,"column":38},"end":{"line":107,"column":54}},"63":{"start":{"line":109,"column":16},"end":{"line":117,"column":17}},"64":{"start":{"line":110,"column":36},"end":{"line":110,"column":57}},"65":{"start":{"line":111,"column":36},"end":{"line":111,"column":64}},"66":{"start":{"line":113,"column":48},"end":{"line":113,"column":77}},"67":{"start":{"line":114,"column":20},"end":{"line":114,"column":85}},"68":{"start":{"line":116,"column":20},"end":{"line":116,"column":58}},"69":{"start":{"line":119,"column":16},"end":{"line":119,"column":69}},"70":{"start":{"line":120,"column":16},"end":{"line":120,"column":39}},"71":{"start":{"line":121,"column":16},"end":{"line":121,"column":38}},"72":{"start":{"line":122,"column":16},"end":{"line":122,"column":29}},"73":{"start":{"line":123,"column":16},"end":{"line":123,"column":37}},"74":{"start":{"line":124,"column":16},"end":{"line":126,"column":25}},"75":{"start":{"line":125,"column":20},"end":{"line":125,"column":42}},"76":{"start":{"line":128,"column":16},"end":{"line":128,"column":73}},"77":{"start":{"line":130,"column":15},"end":{"line":134,"column":9}},"78":{"start":{"line":131,"column":12},"end":{"line":131,"column":53}},"79":{"start":{"line":132,"column":15},"end":{"line":134,"column":9}},"80":{"start":{"line":133,"column":12},"end":{"line":133,"column":41}},"81":{"start":{"line":136,"column":4},"end":{"line":136,"column":52}},"82":{"start":{"line":137,"column":4},"end":{"line":201,"column":6}},"83":{"start":{"line":153,"column":45},"end":{"line":153,"column":79}},"84":{"start":{"line":161,"column":45},"end":{"line":161,"column":78}},"85":{"start":{"line":168,"column":45},"end":{"line":168,"column":75}},"86":{"start":{"line":174,"column":40},"end":{"line":176,"column":49}},"87":{"start":{"line":189,"column":45},"end":{"line":189,"column":69}}},"fnMap":{"0":{"name":"(anonymous_0)","decl":{"start":{"line":7,"column":23},"end":{"line":7,"column":24}},"loc":{"start":{"line":7,"column":29},"end":{"line":202,"column":1}},"line":7},"1":{"name":"(anonymous_1)","decl":{"start":{"line":24,"column":14},"end":{"line":24,"column":15}},"loc":{"start":{"line":24,"column":20},"end":{"line":32,"column":5}},"line":24},"2":{"name":"(anonymous_2)","decl":{"start":{"line":25,"column":32},"end":{"line":25,"column":33}},"loc":{"start":{"line":25,"column":44},"end":{"line":30,"column":9}},"line":25},"3":{"name":"(anonymous_3)","decl":{"start":{"line":28,"column":59},"end":{"line":28,"column":60}},"loc":{"start":{"line":28,"column":66},"end":{"line":28,"column":81}},"line":28},"4":{"name":"(anonymous_4)","decl":{"start":{"line":34,"column":14},"end":{"line":34,"column":15}},"loc":{"start":{"line":34,"column":20},"end":{"line":56,"column":5}},"line":34},"5":{"name":"(anonymous_5)","decl":{"start":{"line":35,"column":34},"end":{"line":35,"column":35}},"loc":{"start":{"line":35,"column":46},"end":{"line":51,"column":9}},"line":35},"6":{"name":"(anonymous_6)","decl":{"start":{"line":58,"column":26},"end":{"line":58,"column":27}},"loc":{"start":{"line":58,"column":50},"end":{"line":64,"column":5}},"line":58},"7":{"name":"(anonymous_7)","decl":{"start":{"line":66,"column":36},"end":{"line":66,"column":37}},"loc":{"start":{"line":66,"column":60},"end":{"line":77,"column":5}},"line":66},"8":{"name":"(anonymous_8)","decl":{"start":{"line":79,"column":25},"end":{"line":79,"column":26}},"loc":{"start":{"line":79,"column":38},"end":{"line":135,"column":5}},"line":79},"9":{"name":"(anonymous_9)","decl":{"start":{"line":124,"column":27},"end":{"line":124,"column":28}},"loc":{"start":{"line":124,"column":33},"end":{"line":126,"column":17}},"line":124},"10":{"name":"(anonymous_10)","decl":{"start":{"line":153,"column":38},"end":{"line":153,"column":39}},"loc":{"start":{"line":153,"column":45},"end":{"line":153,"column":79}},"line":153},"11":{"name":"(anonymous_11)","decl":{"start":{"line":161,"column":38},"end":{"line":161,"column":39}},"loc":{"start":{"line":161,"column":45},"end":{"line":161,"column":78}},"line":161},"12":{"name":"(anonymous_12)","decl":{"start":{"line":168,"column":38},"end":{"line":168,"column":39}},"loc":{"start":{"line":168,"column":45},"end":{"line":168,"column":75}},"line":168},"13":{"name":"(anonymous_13)","decl":{"start":{"line":173,"column":51},"end":{"line":173,"column":52}},"loc":{"start":{"line":174,"column":40},"end":{"line":176,"column":49}},"line":174},"14":{"name":"(anonymous_14)","decl":{"start":{"line":189,"column":38},"end":{"line":189,"column":39}},"loc":{"start":{"line":189,"column":45},"end":{"line":189,"column":69}},"line":189}},"branchMap":{"0":{"loc":{"start":{"line":41,"column":16},"end":{"line":47,"column":17}},"type":"if","locations":[{"start":{"line":41,"column":16},"end":{"line":47,"column":17}},{"start":{"line":44,"column":23},"end":{"line":47,"column":17}}],"line":41},"1":{"loc":{"start":{"line":43,"column":37},"end":{"line":43,"column":64}},"type":"binary-expr","locations":[{"start":{"line":43,"column":37},"end":{"line":43,"column":59}},{"start":{"line":43,"column":63},"end":{"line":43,"column":64}}],"line":43},"2":{"loc":{"start":{"line":53,"column":8},"end":{"line":55,"column":9}},"type":"if","locations":[{"start":{"line":53,"column":8},"end":{"line":55,"column":9}},{"start":{},"end":{}}],"line":53},"3":{"loc":{"start":{"line":82,"column":8},"end":{"line":134,"column":9}},"type":"if","locations":[{"start":{"line":82,"column":8},"end":{"line":134,"column":9}},{"start":{"line":130,"column":15},"end":{"line":134,"column":9}}],"line":82},"4":{"loc":{"start":{"line":82,"column":12},"end":{"line":82,"column":79}},"type":"binary-expr","locations":[{"start":{"line":82,"column":12},"end":{"line":82,"column":16}},{"start":{"line":82,"column":20},"end":{"line":82,"column":42}},{"start":{"line":82,"column":46},"end":{"line":82,"column":61}},{"start":{"line":82,"column":65},"end":{"line":82,"column":79}}],"line":82},"5":{"loc":{"start":{"line":86,"column":12},"end":{"line":89,"column":13}},"type":"if","locations":[{"start":{"line":86,"column":12},"end":{"line":89,"column":13}},{"start":{},"end":{}}],"line":86},"6":{"loc":{"start":{"line":109,"column":16},"end":{"line":117,"column":17}},"type":"if","locations":[{"start":{"line":109,"column":16},"end":{"line":117,"column":17}},{"start":{},"end":{}}],"line":109},"7":{"loc":{"start":{"line":130,"column":15},"end":{"line":134,"column":9}},"type":"if","locations":[{"start":{"line":130,"column":15},"end":{"line":134,"column":9}},{"start":{"line":132,"column":15},"end":{"line":134,"column":9}}],"line":130},"8":{"loc":{"start":{"line":132,"column":15},"end":{"line":134,"column":9}},"type":"if","locations":[{"start":{"line":132,"column":15},"end":{"line":134,"column":9}},{"start":{},"end":{}}],"line":132},"9":{"loc":{"start":{"line":141,"column":13},"end":{"line":145,"column":21}},"type":"binary-expr","locations":[{"start":{"line":141,"column":13},"end":{"line":141,"column":24}},{"start":{"line":142,"column":24},"end":{"line":144,"column":28}}],"line":141},"10":{"loc":{"start":{"line":162,"column":33},"end":{"line":162,"column":57}},"type":"binary-expr","locations":[{"start":{"line":162,"column":33},"end":{"line":162,"column":48}},{"start":{"line":162,"column":52},"end":{"line":162,"column":57}}],"line":162},"11":{"loc":{"start":{"line":172,"column":33},"end":{"line":183,"column":33}},"type":"cond-expr","locations":[{"start":{"line":173,"column":36},"end":{"line":178,"column":37}},{"start":{"line":180,"column":36},"end":{"line":182,"column":45}}],"line":172}},"s":{"0":1,"1":5,"2":0,"3":0,"4":0,"5":0,"6":0,"7":0,"8":0,"9":0,"10":0,"11":0,"12":0,"13":0,"14":0,"15":0,"16":0,"17":0,"18":0,"19":0,"20":0,"21":0,"22":0,"23":0,"24":0,"25":0,"26":0,"27":0,"28":0,"29":0,"30":0,"31":0,"32":0,"33":0,"34":0,"35":0,"36":0,"37":0,"38":0,"39":0,"40":0,"41":0,"42":0,"43":0,"44":0,"45":0,"46":0,"47":0,"48":0,"49":0,"50":0,"51":0,"52":0,"53":0,"54":0,"55":0,"56":0,"57":0,"58":0,"59":0,"60":0,"61":0,"62":0,"63":0,"64":0,"65":0,"66":0,"67":0,"68":0,"69":0,"70":0,"71":0,"72":0,"73":0,"74":0,"75":0,"76":0,"77":0,"78":0,"79":0,"80":0,"81":0,"82":0,"83":0,"84":0,"85":0,"86":0,"87":0},"f":{"0":5,"1":0,"2":0,"3":0,"4":0,"5":0,"6":0,"7":0,"8":0,"9":0,"10":0,"11":0,"12":0,"13":0,"14":0},"b":{"0":[0,0],"1":[0,0],"2":[0,0],"3":[0,0],"4":[0,0,0,0],"5":[0,0],"6":[0,0],"7":[0,0],"8":[0,0],"9":[0,0],"10":[0,0],"11":[0,0]},"_coverageSchema":"1a1c01bbd47fc00a2c39e90264f33305004495a9","hash":"4bb7713729ce2e318f92cfb5bbee6d0ba7f970fe"}
,"C:\\Users\\Bora\\Desktop\\Geoprofs\\GeoProfs\\src\\functions\\CancelPageSwitchWhenNotLoggedIn\\cancelPageSwitchWhenNotLoggedIn.jsx": {"path":"C:\\Users\\Bora\\Desktop\\Geoprofs\\GeoProfs\\src\\functions\\CancelPageSwitchWhenNotLoggedIn\\cancelPageSwitchWhenNotLoggedIn.jsx","statementMap":{"0":{"start":{"line":1,"column":40},"end":{"line":11,"column":1}},"1":{"start":{"line":2,"column":21},"end":{"line":2,"column":68}},"2":{"start":{"line":3,"column":2},"end":{"line":3,"column":41}},"3":{"start":{"line":5,"column":2},"end":{"line":9,"column":3}},"4":{"start":{"line":6,"column":6},"end":{"line":6,"column":36}},"5":{"start":{"line":7,"column":6},"end":{"line":7,"column":42}},"6":{"start":{"line":8,"column":6},"end":{"line":8,"column":19}},"7":{"start":{"line":10,"column":2},"end":{"line":10,"column":14}}},"fnMap":{"0":{"name":"(anonymous_0)","decl":{"start":{"line":1,"column":40},"end":{"line":1,"column":41}},"loc":{"start":{"line":1,"column":46},"end":{"line":11,"column":1}},"line":1}},"branchMap":{"0":{"loc":{"start":{"line":5,"column":2},"end":{"line":9,"column":3}},"type":"if","locations":[{"start":{"line":5,"column":2},"end":{"line":9,"column":3}},{"start":{},"end":{}}],"line":5}},"s":{"0":2,"1":2,"2":2,"3":2,"4":2,"5":2,"6":2,"7":0},"f":{"0":2},"b":{"0":[2,0]},"_coverageSchema":"1a1c01bbd47fc00a2c39e90264f33305004495a9","hash":"c3cc5ebb9ef82bd6065761ba69231d98132f8086"}
,"C:\\Users\\Bora\\Desktop\\Geoprofs\\GeoProfs\\src\\functions\\CheckForFirstLogin\\CheckForFirstLogin.jsx": {"path":"C:\\Users\\Bora\\Desktop\\Geoprofs\\GeoProfs\\src\\functions\\CheckForFirstLogin\\CheckForFirstLogin.jsx","statementMap":{"0":{"start":{"line":1,"column":27},"end":{"line":10,"column":1}},"1":{"start":{"line":2,"column":4},"end":{"line":9,"column":5}},"2":{"start":{"line":3,"column":8},"end":{"line":3,"column":40}},"3":{"start":{"line":4,"column":8},"end":{"line":4,"column":15}},"4":{"start":{"line":6,"column":8},"end":{"line":6,"column":87}},"5":{"start":{"line":7,"column":8},"end":{"line":7,"column":58}},"6":{"start":{"line":8,"column":8},"end":{"line":8,"column":15}}},"fnMap":{"0":{"name":"(anonymous_0)","decl":{"start":{"line":1,"column":27},"end":{"line":1,"column":28}},"loc":{"start":{"line":1,"column":37},"end":{"line":10,"column":1}},"line":1}},"branchMap":{"0":{"loc":{"start":{"line":2,"column":4},"end":{"line":9,"column":5}},"type":"if","locations":[{"start":{"line":2,"column":4},"end":{"line":9,"column":5}},{"start":{"line":5,"column":11},"end":{"line":9,"column":5}}],"line":2},"1":{"loc":{"start":{"line":2,"column":8},"end":{"line":2,"column":118}},"type":"binary-expr","locations":[{"start":{"line":2,"column":8},"end":{"line":2,"column":39}},{"start":{"line":2,"column":43},"end":{"line":2,"column":76}},{"start":{"line":2,"column":80},"end":{"line":2,"column":118}}],"line":2}},"s":{"0":1,"1":0,"2":0,"3":0,"4":0,"5":0,"6":0},"f":{"0":0},"b":{"0":[0,0],"1":[0,0,0]},"_coverageSchema":"1a1c01bbd47fc00a2c39e90264f33305004495a9","hash":"1c2b31a558b18dd696028b7c055ac3686c0ccf89"}
,"C:\\Users\\Bora\\Desktop\\Geoprofs\\GeoProfs\\src\\functions\\context\\User.jsx": {"path":"C:\\Users\\Bora\\Desktop\\Geoprofs\\GeoProfs\\src\\functions\\context\\User.jsx","statementMap":{"0":{"start":{"line":3,"column":20},"end":{"line":3,"column":35}},"1":{"start":{"line":5,"column":23},"end":{"line":5,"column":51}},"2":{"start":{"line":5,"column":28},"end":{"line":5,"column":51}},"3":{"start":{"line":7,"column":32},"end":{"line":24,"column":1}},"4":{"start":{"line":8,"column":32},"end":{"line":18,"column":10}},"5":{"start":{"line":19,"column":8},"end":{"line":23,"column":7}}},"fnMap":{"0":{"name":"(anonymous_0)","decl":{"start":{"line":5,"column":23},"end":{"line":5,"column":24}},"loc":{"start":{"line":5,"column":28},"end":{"line":5,"column":51}},"line":5},"1":{"name":"(anonymous_1)","decl":{"start":{"line":7,"column":32},"end":{"line":7,"column":33}},"loc":{"start":{"line":7,"column":47},"end":{"line":24,"column":1}},"line":7}},"branchMap":{},"s":{"0":1,"1":1,"2":5,"3":1,"4":0,"5":0},"f":{"0":5,"1":0},"b":{},"_coverageSchema":"1a1c01bbd47fc00a2c39e90264f33305004495a9","hash":"4619d2e218d2e896fbe34eea1e8b7ead39fb339f"}
}
