TN:
SF:src\functions\CancelPageSwitchWhenNotLoggedIn\cancelPageSwitchWhenNotLoggedIn.jsx
FN:1,(anonymous_0)
FNF:1
FNH:1
FNDA:2,(anonymous_0)
DA:1,1
DA:2,2
DA:3,2
DA:5,2
DA:6,1
DA:7,1
DA:8,1
DA:10,1
LF:8
LH:8
BRDA:5,0,0,1
BRDA:5,0,1,1
BRF:2
BRH:2
end_of_record
TN:
SF:src\functions\CheckForAccesToAddUser\CheckForAccesToAddUser.jsx
FN:3,(anonymous_0)
FNF:1
FNH:1
FNDA:3,(anonymous_0)
DA:3,1
DA:4,3
DA:5,3
DA:7,3
DA:8,1
LF:5
LH:5
BRDA:7,0,0,1
BRDA:7,0,1,2
BRF:2
BRH:2
end_of_record
TN:
SF:src\functions\CheckForAccesToLeavePage\CheckForAccesToLeavePage.jsx
FN:3,(anonymous_0)
FNF:1
FNH:1
FNDA:3,(anonymous_0)
DA:3,1
DA:4,3
DA:5,3
DA:7,3
DA:8,1
LF:5
LH:5
BRDA:7,0,0,1
BRDA:7,0,1,2
BRF:2
BRH:2
end_of_record
TN:
SF:src\functions\CheckForFirstLogin\CheckForFirstLogin.jsx
FN:1,(anonymous_0)
FNF:1
FNH:1
FNDA:4,(anonymous_0)
DA:1,1
DA:2,4
DA:5,4
DA:6,3
DA:7,3
DA:9,1
DA:10,1
DA:11,1
LF:8
LH:8
BRDA:5,0,0,3
BRDA:5,0,1,1
BRDA:5,1,0,4
BRDA:5,1,1,3
BRDA:5,1,2,2
BRF:5
BRH:5
end_of_record
TN:
SF:src\functions\CheckUserRole\CheckUserRole.jsx
FN:3,(anonymous_0)
FNF:1
FNH:1
FNDA:4,(anonymous_0)
DA:3,1
DA:5,4
DA:6,4
DA:7,4
DA:8,4
DA:9,4
DA:10,1
DA:13,3
LF:8
LH:8
BRDA:9,0,0,1
BRDA:9,0,1,3
BRF:2
BRH:2
end_of_record
TN:
SF:src\functions\context\User.jsx
FN:6,(anonymous_0)
FN:8,(anonymous_1)
FNF:2
FNH:2
FNDA:2,(anonymous_0)
FNDA:2,(anonymous_1)
DA:4,1
DA:6,2
DA:8,1
DA:9,2
DA:20,2
LF:5
LH:5
BRF:0
BRH:0
end_of_record
